2025-01-20 16:49:05 [background-preinit] INFO  org.hibernate.validator.internal.util.Version - HV000001: Hibernate Validator 8.0.2.Final
2025-01-20 16:49:06 [restartedMain] INFO  com.Tekarch.DataStoreService.DataStoreServiceApplication - Starting DataStoreServiceApplication using Java 17.0.9 with PID 5463 (/Users/niwas/IdeaProjects/TekarchDataStoreService/build/classes/java/main started by niwas in /Users/niwas/IdeaProjects/TekarchDataStoreService)
2025-01-20 16:49:06 [restartedMain] INFO  com.Tekarch.DataStoreService.DataStoreServiceApplication - No active profile set, falling back to 1 default profile: "default"
2025-01-20 16:49:06 [restartedMain] INFO  org.springframework.boot.devtools.env.DevToolsPropertyDefaultsPostProcessor - Devtools property defaults active! Set 'spring.devtools.add-properties' to 'false' to disable
2025-01-20 16:49:06 [restartedMain] INFO  org.springframework.boot.devtools.env.DevToolsPropertyDefaultsPostProcessor - For additional web related logging consider setting the 'logging.level.web' property to 'DEBUG'
2025-01-20 16:49:07 [restartedMain] INFO  org.springframework.data.repository.config.RepositoryConfigurationDelegate - Bootstrapping Spring Data JPA repositories in DEFAULT mode.
2025-01-20 16:49:07 [restartedMain] INFO  org.springframework.data.repository.config.RepositoryConfigurationDelegate - Finished Spring Data repository scanning in 70 ms. Found 3 JPA repository interfaces.
2025-01-20 16:49:08 [restartedMain] INFO  org.springframework.boot.web.embedded.tomcat.TomcatWebServer - Tomcat initialized with port 5000 (http)
2025-01-20 16:49:08 [restartedMain] INFO  org.apache.coyote.http11.Http11NioProtocol - Initializing ProtocolHandler ["http-nio-5000"]
2025-01-20 16:49:08 [restartedMain] INFO  org.apache.catalina.core.StandardService - Starting service [Tomcat]
2025-01-20 16:49:08 [restartedMain] INFO  org.apache.catalina.core.StandardEngine - Starting Servlet engine: [Apache Tomcat/10.1.34]
2025-01-20 16:49:08 [restartedMain] INFO  org.apache.catalina.core.ContainerBase.[Tomcat].[localhost].[/] - Initializing Spring embedded WebApplicationContext
2025-01-20 16:49:08 [restartedMain] INFO  org.springframework.boot.web.servlet.context.ServletWebServerApplicationContext - Root WebApplicationContext: initialization completed in 2662 ms
2025-01-20 16:49:09 [restartedMain] INFO  org.hibernate.jpa.internal.util.LogHelper - HHH000204: Processing PersistenceUnitInfo [name: default]
2025-01-20 16:49:09 [restartedMain] INFO  org.hibernate.Version - HHH000412: Hibernate ORM core version 6.6.4.Final
2025-01-20 16:49:09 [restartedMain] INFO  org.hibernate.cache.internal.RegionFactoryInitiator - HHH000026: Second-level cache disabled
2025-01-20 16:49:09 [restartedMain] INFO  org.springframework.orm.jpa.persistenceunit.SpringPersistenceUnitInfo - No LoadTimeWeaver setup: ignoring JPA class transformer
2025-01-20 16:49:09 [restartedMain] INFO  com.zaxxer.hikari.HikariDataSource - HikariPool-1 - Starting...
2025-01-20 16:50:15 [restartedMain] INFO  com.zaxxer.hikari.pool.HikariPool - HikariPool-1 - Added connection com.mysql.cj.jdbc.ConnectionImpl@32bc0ad7
2025-01-20 16:50:15 [restartedMain] INFO  com.zaxxer.hikari.HikariDataSource - HikariPool-1 - Start completed.
2025-01-20 16:50:15 [restartedMain] WARN  org.hibernate.orm.deprecation - HHH90000025: MySQL8Dialect does not need to be specified explicitly using 'hibernate.dialect' (remove the property setting and it will be selected by default)
2025-01-20 16:50:15 [restartedMain] WARN  org.hibernate.orm.deprecation - HHH90000026: MySQL8Dialect has been deprecated; use org.hibernate.dialect.MySQLDialect instead
2025-01-20 16:50:15 [restartedMain] INFO  org.hibernate.orm.connections.pooling - HHH10001005: Database info:
	Database JDBC URL [Connecting through datasource 'HikariDataSource (HikariPool-1)']
	Database driver: undefined/unknown
	Database version: 8.0
	Autocommit mode: undefined/unknown
	Isolation level: undefined/unknown
	Minimum pool size: undefined/unknown
	Maximum pool size: undefined/unknown
2025-01-20 16:50:18 [restartedMain] INFO  org.hibernate.engine.transaction.jta.platform.internal.JtaPlatformInitiator - HHH000489: No JTA platform available (set 'hibernate.transaction.jta.platform' to enable JTA platform integration)
2025-01-20 16:50:18 [restartedMain] DEBUG org.hibernate.SQL - 
    create table bookings (
        booking_id bigint not null auto_increment,
        created_at datetime(6) not null,
        status enum ('BOOKED','CANCELLED','PENDING') not null,
        updated_at datetime(6) not null,
        flight_id bigint not null,
        user_id bigint not null,
        primary key (booking_id)
    ) engine=InnoDB
2025-01-20 16:50:18 [restartedMain] DEBUG org.hibernate.SQL - 
    create table flight (
        flight_id bigint not null auto_increment,
        arrival varchar(255) not null,
        arrival_time datetime(6) not null,
        available_seats integer not null,
        created_at datetime(6) not null,
        departure varchar(255) not null,
        departure_time datetime(6) not null,
        flight_number varchar(255) not null,
        price float(53) not null,
        updated_at datetime(6) not null,
        primary key (flight_id)
    ) engine=InnoDB
2025-01-20 16:50:19 [restartedMain] DEBUG org.hibernate.SQL - 
    create table users (
        user_id bigint not null auto_increment,
        created_at datetime(6) not null,
        email varchar(100) not null,
        phone varchar(15),
        updated_at datetime(6) not null,
        user_name varchar(50) not null,
        primary key (user_id)
    ) engine=InnoDB
2025-01-20 16:50:19 [restartedMain] DEBUG org.hibernate.SQL - 
    alter table flight 
       drop index UKaucisqx7arn3fi6eyjmsvqdb3
2025-01-20 16:50:19 [restartedMain] DEBUG org.hibernate.SQL - 
    alter table flight 
       add constraint UKaucisqx7arn3fi6eyjmsvqdb3 unique (flight_number)
2025-01-20 16:50:20 [restartedMain] DEBUG org.hibernate.SQL - 
    alter table users 
       drop index UK6dotkott2kjsp8vw4d0m25fb7
2025-01-20 16:50:20 [restartedMain] DEBUG org.hibernate.SQL - 
    alter table users 
       add constraint UK6dotkott2kjsp8vw4d0m25fb7 unique (email)
2025-01-20 16:50:20 [restartedMain] DEBUG org.hibernate.SQL - 
    alter table users 
       drop index UKdu5v5sr43g5bfnji4vb8hg5s3
2025-01-20 16:50:20 [restartedMain] DEBUG org.hibernate.SQL - 
    alter table users 
       add constraint UKdu5v5sr43g5bfnji4vb8hg5s3 unique (phone)
2025-01-20 16:50:21 [restartedMain] DEBUG org.hibernate.SQL - 
    alter table users 
       drop index UKk8d0f2n7n88w1a16yhua64onx
2025-01-20 16:50:21 [restartedMain] DEBUG org.hibernate.SQL - 
    alter table users 
       add constraint UKk8d0f2n7n88w1a16yhua64onx unique (user_name)
2025-01-20 16:50:21 [restartedMain] DEBUG org.hibernate.SQL - 
    alter table bookings 
       add constraint FKb70dt8nd6bohqydy1mafx9j02 
       foreign key (flight_id) 
       references flight (flight_id)
2025-01-20 16:50:22 [restartedMain] DEBUG org.hibernate.SQL - 
    alter table bookings 
       add constraint FKeyog2oic85xg7hsu2je2lx3s6 
       foreign key (user_id) 
       references users (user_id)
2025-01-20 16:50:22 [restartedMain] INFO  org.springframework.orm.jpa.LocalContainerEntityManagerFactoryBean - Initialized JPA EntityManagerFactory for persistence unit 'default'
2025-01-20 16:50:22 [restartedMain] INFO  org.springframework.beans.factory.annotation.AutowiredAnnotationBeanPostProcessor - Autowired annotation is not supported on static fields: private static final org.apache.logging.log4j.Logger com.Tekarch.DataStoreService.Service.DatastoreService.logger
2025-01-20 16:50:24 [restartedMain] WARN  org.springframework.boot.autoconfigure.orm.jpa.JpaBaseConfiguration$JpaWebConfiguration - spring.jpa.open-in-view is enabled by default. Therefore, database queries may be performed during view rendering. Explicitly configure spring.jpa.open-in-view to disable this warning
2025-01-20 16:50:25 [restartedMain] INFO  org.springframework.boot.devtools.autoconfigure.OptionalLiveReloadServer - LiveReload server is running on port 35729
2025-01-20 16:50:25 [restartedMain] INFO  org.apache.coyote.http11.Http11NioProtocol - Starting ProtocolHandler ["http-nio-5000"]
2025-01-20 16:50:25 [restartedMain] INFO  org.springframework.boot.web.embedded.tomcat.TomcatWebServer - Tomcat started on port 5000 (http) with context path '/'
2025-01-20 16:50:25 [restartedMain] INFO  com.Tekarch.DataStoreService.DataStoreServiceApplication - Started DataStoreServiceApplication in 80.358 seconds (process running for 81.688)
2025-01-20 16:54:42 [http-nio-5000-exec-1] INFO  org.apache.catalina.core.ContainerBase.[Tomcat].[localhost].[/] - Initializing Spring DispatcherServlet 'dispatcherServlet'
2025-01-20 16:54:42 [http-nio-5000-exec-1] INFO  org.springframework.web.servlet.DispatcherServlet - Initializing Servlet 'dispatcherServlet'
2025-01-20 16:54:42 [http-nio-5000-exec-1] INFO  org.springframework.web.servlet.DispatcherServlet - Completed initialization in 25 ms
2025-01-20 16:54:43 [http-nio-5000-exec-1] DEBUG org.hibernate.SQL - 
    /* insert for
        com.Tekarch.DataStoreService.Model.User */insert 
    into
        users (created_at, email, phone, updated_at, user_name) 
    values
        (?, ?, ?, ?, ?)
2025-01-20 16:55:09 [http-nio-5000-exec-2] DEBUG org.hibernate.SQL - 
    /* insert for
        com.Tekarch.DataStoreService.Model.User */insert 
    into
        users (created_at, email, phone, updated_at, user_name) 
    values
        (?, ?, ?, ?, ?)
2025-01-20 16:55:31 [http-nio-5000-exec-3] DEBUG org.hibernate.SQL - 
    /* insert for
        com.Tekarch.DataStoreService.Model.User */insert 
    into
        users (created_at, email, phone, updated_at, user_name) 
    values
        (?, ?, ?, ?, ?)
2025-01-20 16:56:03 [http-nio-5000-exec-4] DEBUG org.hibernate.SQL - 
    /* insert for
        com.Tekarch.DataStoreService.Model.User */insert 
    into
        users (created_at, email, phone, updated_at, user_name) 
    values
        (?, ?, ?, ?, ?)
2025-01-20 16:56:28 [http-nio-5000-exec-5] DEBUG org.hibernate.SQL - 
    /* <criteria> */ select
        u1_0.user_id,
        u1_0.created_at,
        u1_0.email,
        u1_0.phone,
        u1_0.updated_at,
        u1_0.user_name 
    from
        users u1_0
2025-01-20 16:57:08 [http-nio-5000-exec-6] DEBUG org.hibernate.SQL - 
    /* insert for
        com.Tekarch.DataStoreService.Model.Flight */insert 
    into
        flight (arrival, arrival_time, available_seats, created_at, departure, departure_time, flight_number, price, updated_at) 
    values
        (?, ?, ?, ?, ?, ?, ?, ?, ?)
2025-01-20 16:57:39 [http-nio-5000-exec-8] DEBUG org.hibernate.SQL - 
    /* insert for
        com.Tekarch.DataStoreService.Model.Flight */insert 
    into
        flight (arrival, arrival_time, available_seats, created_at, departure, departure_time, flight_number, price, updated_at) 
    values
        (?, ?, ?, ?, ?, ?, ?, ?, ?)
2025-01-20 16:58:11 [http-nio-5000-exec-9] DEBUG org.hibernate.SQL - 
    /* insert for
        com.Tekarch.DataStoreService.Model.Flight */insert 
    into
        flight (arrival, arrival_time, available_seats, created_at, departure, departure_time, flight_number, price, updated_at) 
    values
        (?, ?, ?, ?, ?, ?, ?, ?, ?)
2025-01-20 16:58:24 [http-nio-5000-exec-10] DEBUG org.hibernate.SQL - 
    /* <criteria> */ select
        f1_0.flight_id,
        f1_0.arrival,
        f1_0.arrival_time,
        f1_0.available_seats,
        f1_0.created_at,
        f1_0.departure,
        f1_0.departure_time,
        f1_0.flight_number,
        f1_0.price,
        f1_0.updated_at 
    from
        flight f1_0
2025-01-20 16:58:57 [http-nio-5000-exec-1] DEBUG org.hibernate.SQL - 
    select
        f1_0.flight_id,
        f1_0.arrival,
        f1_0.arrival_time,
        f1_0.available_seats,
        f1_0.created_at,
        f1_0.departure,
        f1_0.departure_time,
        f1_0.flight_number,
        f1_0.price,
        f1_0.updated_at 
    from
        flight f1_0 
    where
        f1_0.flight_id=?
2025-01-20 16:58:57 [http-nio-5000-exec-2] DEBUG org.hibernate.SQL - 
    select
        f1_0.flight_id,
        f1_0.arrival,
        f1_0.arrival_time,
        f1_0.available_seats,
        f1_0.created_at,
        f1_0.departure,
        f1_0.departure_time,
        f1_0.flight_number,
        f1_0.price,
        f1_0.updated_at 
    from
        flight f1_0 
    where
        f1_0.flight_id=?
2025-01-20 16:58:58 [http-nio-5000-exec-2] DEBUG org.hibernate.SQL - 
    /* delete for com.Tekarch.DataStoreService.Model.Flight */delete 
    from
        flight 
    where
        flight_id=?
2025-01-20 16:59:15 [http-nio-5000-exec-3] DEBUG org.hibernate.SQL - 
    select
        f1_0.flight_id,
        f1_0.arrival,
        f1_0.arrival_time,
        f1_0.available_seats,
        f1_0.created_at,
        f1_0.departure,
        f1_0.departure_time,
        f1_0.flight_number,
        f1_0.price,
        f1_0.updated_at 
    from
        flight f1_0 
    where
        f1_0.flight_id=?
2025-01-20 17:00:24 [http-nio-5000-exec-5] DEBUG org.hibernate.SQL - 
    /* select
        count(*) 
    from
        Flight x 
    WHERE
        x.flightId = :flightId */ select
            count(*) 
        from
            flight f1_0 
        where
            f1_0.flight_id=?
2025-01-20 17:00:24 [http-nio-5000-exec-5] DEBUG org.hibernate.SQL - 
    select
        f1_0.flight_id,
        f1_0.arrival,
        f1_0.arrival_time,
        f1_0.available_seats,
        f1_0.created_at,
        f1_0.departure,
        f1_0.departure_time,
        f1_0.flight_number,
        f1_0.price,
        f1_0.updated_at 
    from
        flight f1_0 
    where
        f1_0.flight_id=?
2025-01-20 17:00:24 [http-nio-5000-exec-5] DEBUG org.hibernate.SQL - 
    /* update
        for com.Tekarch.DataStoreService.Model.Flight */update flight 
    set
        arrival=?,
        arrival_time=?,
        available_seats=?,
        departure=?,
        departure_time=?,
        flight_number=?,
        price=?,
        updated_at=? 
    where
        flight_id=?
2025-01-20 17:00:25 [http-nio-5000-exec-6] DEBUG org.hibernate.SQL - 
    select
        f1_0.flight_id,
        f1_0.arrival,
        f1_0.arrival_time,
        f1_0.available_seats,
        f1_0.created_at,
        f1_0.departure,
        f1_0.departure_time,
        f1_0.flight_number,
        f1_0.price,
        f1_0.updated_at 
    from
        flight f1_0 
    where
        f1_0.flight_id=?
2025-01-20 17:00:43 [http-nio-5000-exec-7] DEBUG org.hibernate.SQL - 
    /* <criteria> */ select
        f1_0.flight_id,
        f1_0.arrival,
        f1_0.arrival_time,
        f1_0.available_seats,
        f1_0.created_at,
        f1_0.departure,
        f1_0.departure_time,
        f1_0.flight_number,
        f1_0.price,
        f1_0.updated_at 
    from
        flight f1_0
2025-01-20 17:01:22 [http-nio-5000-exec-8] DEBUG org.hibernate.SQL - 
    select
        f1_0.flight_id,
        f1_0.arrival,
        f1_0.arrival_time,
        f1_0.available_seats,
        f1_0.created_at,
        f1_0.departure,
        f1_0.departure_time,
        f1_0.flight_number,
        f1_0.price,
        f1_0.updated_at 
    from
        flight f1_0 
    where
        f1_0.flight_id=?
2025-01-20 17:01:22 [http-nio-5000-exec-9] DEBUG org.hibernate.SQL - 
    select
        u1_0.user_id,
        u1_0.created_at,
        u1_0.email,
        u1_0.phone,
        u1_0.updated_at,
        u1_0.user_name 
    from
        users u1_0 
    where
        u1_0.user_id=?
2025-01-20 17:01:23 [http-nio-5000-exec-10] DEBUG org.hibernate.SQL - 
    /* select
        count(*) 
    from
        Flight x 
    WHERE
        x.flightId = :flightId */ select
            count(*) 
        from
            flight f1_0 
        where
            f1_0.flight_id=?
2025-01-20 17:01:24 [http-nio-5000-exec-10] DEBUG org.hibernate.SQL - 
    select
        f1_0.flight_id,
        f1_0.arrival,
        f1_0.arrival_time,
        f1_0.available_seats,
        f1_0.created_at,
        f1_0.departure,
        f1_0.departure_time,
        f1_0.flight_number,
        f1_0.price,
        f1_0.updated_at 
    from
        flight f1_0 
    where
        f1_0.flight_id=?
2025-01-20 17:01:24 [http-nio-5000-exec-10] DEBUG org.hibernate.SQL - 
    /* update
        for com.Tekarch.DataStoreService.Model.Flight */update flight 
    set
        arrival=?,
        arrival_time=?,
        available_seats=?,
        departure=?,
        departure_time=?,
        flight_number=?,
        price=?,
        updated_at=? 
    where
        flight_id=?
2025-01-20 17:01:24 [http-nio-5000-exec-1] DEBUG org.hibernate.SQL - 
    select
        f1_0.flight_id,
        f1_0.arrival,
        f1_0.arrival_time,
        f1_0.available_seats,
        f1_0.created_at,
        f1_0.departure,
        f1_0.departure_time,
        f1_0.flight_number,
        f1_0.price,
        f1_0.updated_at 
    from
        flight f1_0 
    where
        f1_0.flight_id=?
2025-01-20 17:01:24 [http-nio-5000-exec-1] DEBUG org.hibernate.SQL - 
    select
        u1_0.user_id,
        u1_0.created_at,
        u1_0.email,
        u1_0.phone,
        u1_0.updated_at,
        u1_0.user_name 
    from
        users u1_0 
    where
        u1_0.user_id=?
2025-01-20 17:01:24 [http-nio-5000-exec-1] DEBUG org.hibernate.SQL - 
    /* insert for
        com.Tekarch.DataStoreService.Model.Booking */insert 
    into
        bookings (created_at, flight_id, status, updated_at, user_id) 
    values
        (?, ?, ?, ?, ?)
2025-01-20 17:01:46 [http-nio-5000-exec-3] DEBUG org.hibernate.SQL - 
    select
        f1_0.flight_id,
        f1_0.arrival,
        f1_0.arrival_time,
        f1_0.available_seats,
        f1_0.created_at,
        f1_0.departure,
        f1_0.departure_time,
        f1_0.flight_number,
        f1_0.price,
        f1_0.updated_at 
    from
        flight f1_0 
    where
        f1_0.flight_id=?
2025-01-20 17:01:47 [http-nio-5000-exec-4] DEBUG org.hibernate.SQL - 
    select
        u1_0.user_id,
        u1_0.created_at,
        u1_0.email,
        u1_0.phone,
        u1_0.updated_at,
        u1_0.user_name 
    from
        users u1_0 
    where
        u1_0.user_id=?
2025-01-20 17:01:47 [http-nio-5000-exec-5] DEBUG org.hibernate.SQL - 
    /* select
        count(*) 
    from
        Flight x 
    WHERE
        x.flightId = :flightId */ select
            count(*) 
        from
            flight f1_0 
        where
            f1_0.flight_id=?
2025-01-20 17:01:48 [http-nio-5000-exec-5] DEBUG org.hibernate.SQL - 
    select
        f1_0.flight_id,
        f1_0.arrival,
        f1_0.arrival_time,
        f1_0.available_seats,
        f1_0.created_at,
        f1_0.departure,
        f1_0.departure_time,
        f1_0.flight_number,
        f1_0.price,
        f1_0.updated_at 
    from
        flight f1_0 
    where
        f1_0.flight_id=?
2025-01-20 17:01:48 [http-nio-5000-exec-5] DEBUG org.hibernate.SQL - 
    /* update
        for com.Tekarch.DataStoreService.Model.Flight */update flight 
    set
        arrival=?,
        arrival_time=?,
        available_seats=?,
        departure=?,
        departure_time=?,
        flight_number=?,
        price=?,
        updated_at=? 
    where
        flight_id=?
2025-01-20 17:01:49 [http-nio-5000-exec-6] DEBUG org.hibernate.SQL - 
    select
        f1_0.flight_id,
        f1_0.arrival,
        f1_0.arrival_time,
        f1_0.available_seats,
        f1_0.created_at,
        f1_0.departure,
        f1_0.departure_time,
        f1_0.flight_number,
        f1_0.price,
        f1_0.updated_at 
    from
        flight f1_0 
    where
        f1_0.flight_id=?
2025-01-20 17:01:49 [http-nio-5000-exec-6] DEBUG org.hibernate.SQL - 
    select
        u1_0.user_id,
        u1_0.created_at,
        u1_0.email,
        u1_0.phone,
        u1_0.updated_at,
        u1_0.user_name 
    from
        users u1_0 
    where
        u1_0.user_id=?
2025-01-20 17:01:49 [http-nio-5000-exec-6] DEBUG org.hibernate.SQL - 
    /* insert for
        com.Tekarch.DataStoreService.Model.Booking */insert 
    into
        bookings (created_at, flight_id, status, updated_at, user_id) 
    values
        (?, ?, ?, ?, ?)
2025-01-20 17:02:04 [http-nio-5000-exec-7] DEBUG org.hibernate.SQL - 
    select
        f1_0.flight_id,
        f1_0.arrival,
        f1_0.arrival_time,
        f1_0.available_seats,
        f1_0.created_at,
        f1_0.departure,
        f1_0.departure_time,
        f1_0.flight_number,
        f1_0.price,
        f1_0.updated_at 
    from
        flight f1_0 
    where
        f1_0.flight_id=?
2025-01-20 17:02:04 [http-nio-5000-exec-8] DEBUG org.hibernate.SQL - 
    select
        u1_0.user_id,
        u1_0.created_at,
        u1_0.email,
        u1_0.phone,
        u1_0.updated_at,
        u1_0.user_name 
    from
        users u1_0 
    where
        u1_0.user_id=?
2025-01-20 17:02:05 [http-nio-5000-exec-9] DEBUG org.hibernate.SQL - 
    /* select
        count(*) 
    from
        Flight x 
    WHERE
        x.flightId = :flightId */ select
            count(*) 
        from
            flight f1_0 
        where
            f1_0.flight_id=?
2025-01-20 17:02:05 [http-nio-5000-exec-9] DEBUG org.hibernate.SQL - 
    select
        f1_0.flight_id,
        f1_0.arrival,
        f1_0.arrival_time,
        f1_0.available_seats,
        f1_0.created_at,
        f1_0.departure,
        f1_0.departure_time,
        f1_0.flight_number,
        f1_0.price,
        f1_0.updated_at 
    from
        flight f1_0 
    where
        f1_0.flight_id=?
2025-01-20 17:02:06 [http-nio-5000-exec-9] DEBUG org.hibernate.SQL - 
    /* update
        for com.Tekarch.DataStoreService.Model.Flight */update flight 
    set
        arrival=?,
        arrival_time=?,
        available_seats=?,
        departure=?,
        departure_time=?,
        flight_number=?,
        price=?,
        updated_at=? 
    where
        flight_id=?
2025-01-20 17:02:06 [http-nio-5000-exec-10] DEBUG org.hibernate.SQL - 
    select
        f1_0.flight_id,
        f1_0.arrival,
        f1_0.arrival_time,
        f1_0.available_seats,
        f1_0.created_at,
        f1_0.departure,
        f1_0.departure_time,
        f1_0.flight_number,
        f1_0.price,
        f1_0.updated_at 
    from
        flight f1_0 
    where
        f1_0.flight_id=?
2025-01-20 17:02:06 [http-nio-5000-exec-10] DEBUG org.hibernate.SQL - 
    select
        u1_0.user_id,
        u1_0.created_at,
        u1_0.email,
        u1_0.phone,
        u1_0.updated_at,
        u1_0.user_name 
    from
        users u1_0 
    where
        u1_0.user_id=?
2025-01-20 17:02:06 [http-nio-5000-exec-10] DEBUG org.hibernate.SQL - 
    /* insert for
        com.Tekarch.DataStoreService.Model.Booking */insert 
    into
        bookings (created_at, flight_id, status, updated_at, user_id) 
    values
        (?, ?, ?, ?, ?)
2025-01-20 17:02:23 [http-nio-5000-exec-1] DEBUG org.hibernate.SQL - 
    select
        f1_0.flight_id,
        f1_0.arrival,
        f1_0.arrival_time,
        f1_0.available_seats,
        f1_0.created_at,
        f1_0.departure,
        f1_0.departure_time,
        f1_0.flight_number,
        f1_0.price,
        f1_0.updated_at 
    from
        flight f1_0 
    where
        f1_0.flight_id=?
2025-01-20 17:02:23 [http-nio-5000-exec-2] DEBUG org.hibernate.SQL - 
    select
        u1_0.user_id,
        u1_0.created_at,
        u1_0.email,
        u1_0.phone,
        u1_0.updated_at,
        u1_0.user_name 
    from
        users u1_0 
    where
        u1_0.user_id=?
2025-01-20 17:02:24 [http-nio-5000-exec-3] DEBUG org.hibernate.SQL - 
    /* select
        count(*) 
    from
        Flight x 
    WHERE
        x.flightId = :flightId */ select
            count(*) 
        from
            flight f1_0 
        where
            f1_0.flight_id=?
2025-01-20 17:02:24 [http-nio-5000-exec-3] DEBUG org.hibernate.SQL - 
    select
        f1_0.flight_id,
        f1_0.arrival,
        f1_0.arrival_time,
        f1_0.available_seats,
        f1_0.created_at,
        f1_0.departure,
        f1_0.departure_time,
        f1_0.flight_number,
        f1_0.price,
        f1_0.updated_at 
    from
        flight f1_0 
    where
        f1_0.flight_id=?
2025-01-20 17:02:25 [http-nio-5000-exec-3] DEBUG org.hibernate.SQL - 
    /* update
        for com.Tekarch.DataStoreService.Model.Flight */update flight 
    set
        arrival=?,
        arrival_time=?,
        available_seats=?,
        departure=?,
        departure_time=?,
        flight_number=?,
        price=?,
        updated_at=? 
    where
        flight_id=?
2025-01-20 17:02:25 [http-nio-5000-exec-4] DEBUG org.hibernate.SQL - 
    select
        f1_0.flight_id,
        f1_0.arrival,
        f1_0.arrival_time,
        f1_0.available_seats,
        f1_0.created_at,
        f1_0.departure,
        f1_0.departure_time,
        f1_0.flight_number,
        f1_0.price,
        f1_0.updated_at 
    from
        flight f1_0 
    where
        f1_0.flight_id=?
2025-01-20 17:02:25 [http-nio-5000-exec-4] DEBUG org.hibernate.SQL - 
    select
        u1_0.user_id,
        u1_0.created_at,
        u1_0.email,
        u1_0.phone,
        u1_0.updated_at,
        u1_0.user_name 
    from
        users u1_0 
    where
        u1_0.user_id=?
2025-01-20 17:02:25 [http-nio-5000-exec-4] DEBUG org.hibernate.SQL - 
    /* insert for
        com.Tekarch.DataStoreService.Model.Booking */insert 
    into
        bookings (created_at, flight_id, status, updated_at, user_id) 
    values
        (?, ?, ?, ?, ?)
2025-01-20 17:02:56 [http-nio-5000-exec-5] DEBUG org.hibernate.SQL - 
    select
        b1_0.booking_id,
        b1_0.created_at,
        b1_0.flight_id,
        b1_0.status,
        b1_0.updated_at,
        b1_0.user_id 
    from
        bookings b1_0 
    where
        b1_0.booking_id=?
2025-01-20 17:03:17 [http-nio-5000-exec-6] DEBUG org.hibernate.SQL - 
    select
        b1_0.booking_id,
        b1_0.created_at,
        b1_0.flight_id,
        b1_0.status,
        b1_0.updated_at,
        b1_0.user_id 
    from
        bookings b1_0 
    where
        b1_0.booking_id=?
2025-01-20 17:03:18 [http-nio-5000-exec-7] INFO  com.Tekarch.DataStoreService.Controller.DataStoreController - Updating booking with ID: 4
2025-01-20 17:03:18 [http-nio-5000-exec-7] INFO  com.Tekarch.DataStoreService.Service.DatastoreService - Updating booking with ID: 4
2025-01-20 17:03:18 [http-nio-5000-exec-7] DEBUG org.hibernate.SQL - 
    select
        b1_0.booking_id,
        b1_0.created_at,
        b1_0.flight_id,
        b1_0.status,
        b1_0.updated_at,
        b1_0.user_id 
    from
        bookings b1_0 
    where
        b1_0.booking_id=?
2025-01-20 17:03:18 [http-nio-5000-exec-7] DEBUG org.hibernate.SQL - 
    select
        f1_0.flight_id,
        f1_0.arrival,
        f1_0.arrival_time,
        f1_0.available_seats,
        f1_0.created_at,
        f1_0.departure,
        f1_0.departure_time,
        f1_0.flight_number,
        f1_0.price,
        f1_0.updated_at 
    from
        flight f1_0 
    where
        f1_0.flight_id=?
2025-01-20 17:03:18 [http-nio-5000-exec-7] DEBUG org.hibernate.SQL - 
    select
        u1_0.user_id,
        u1_0.created_at,
        u1_0.email,
        u1_0.phone,
        u1_0.updated_at,
        u1_0.user_name 
    from
        users u1_0 
    where
        u1_0.user_id=?
2025-01-20 17:03:18 [http-nio-5000-exec-7] INFO  com.Tekarch.DataStoreService.Service.DatastoreService - Booking updated with ID: 4
2025-01-20 17:03:18 [http-nio-5000-exec-7] DEBUG org.hibernate.SQL - 
    /* update
        for com.Tekarch.DataStoreService.Model.Booking */update bookings 
    set
        flight_id=?,
        status=?,
        updated_at=?,
        user_id=? 
    where
        booking_id=?
2025-01-20 17:03:19 [http-nio-5000-exec-7] INFO  com.Tekarch.DataStoreService.Controller.DataStoreController - Successfully updated booking with ID: 4
2025-01-20 17:03:33 [http-nio-5000-exec-8] DEBUG org.hibernate.SQL - 
    /* select
        count(*) 
    from
        User x 
    WHERE
        x.userId = :userId */ select
            count(*) 
        from
            users u1_0 
        where
            u1_0.user_id=?
2025-01-20 17:03:33 [http-nio-5000-exec-8] DEBUG org.hibernate.SQL - 
    /* <criteria> */ select
        b1_0.booking_id,
        b1_0.created_at,
        b1_0.flight_id,
        b1_0.status,
        b1_0.updated_at,
        b1_0.user_id 
    from
        bookings b1_0 
    left join
        users u1_0 
            on u1_0.user_id=b1_0.user_id 
    where
        u1_0.user_id=?
2025-01-20 18:50:18 [HikariPool-1 housekeeper] WARN  com.zaxxer.hikari.pool.HikariPool - HikariPool-1 - Thread starvation or clock leap detected (housekeeper delta=1h44m3s365ms).
2025-01-20 19:13:23 [SpringApplicationShutdownHook] INFO  org.springframework.boot.web.embedded.tomcat.GracefulShutdown - Commencing graceful shutdown. Waiting for active requests to complete
2025-01-20 19:13:23 [tomcat-shutdown] INFO  org.springframework.boot.web.embedded.tomcat.GracefulShutdown - Graceful shutdown complete
2025-01-20 19:13:23 [SpringApplicationShutdownHook] INFO  org.springframework.orm.jpa.LocalContainerEntityManagerFactoryBean - Closing JPA EntityManagerFactory for persistence unit 'default'
2025-01-20 19:13:23 [SpringApplicationShutdownHook] INFO  com.zaxxer.hikari.HikariDataSource - HikariPool-1 - Shutdown initiated...
2025-01-20 19:13:23 [SpringApplicationShutdownHook] INFO  com.zaxxer.hikari.HikariDataSource - HikariPool-1 - Shutdown completed.
